<?xml version="1.0" encoding="UTF-8"?>
<testsuite xmlns:xsi="http://www.w3.org/2001/XMLSchema-instance" xsi:noNamespaceSchemaLocation="https://maven.apache.org/surefire/maven-surefire-plugin/xsd/surefire-test-report-3.0.xsd" version="3.0" name="com.mandeer.websc.WebscApplicationTests" time="1.393" tests="1" errors="0" skipped="0" failures="0">
  <properties>
    <property name="java.specification.version" value="17"/>
    <property name="sun.jnu.encoding" value="UTF-8"/>
    <property name="java.class.path" value="/Users/adwaituprety/Documents/calculated-bliss/websc/target/test-classes:/Users/adwaituprety/Documents/calculated-bliss/websc/target/classes:/Users/adwaituprety/.m2/repository/org/springframework/experimental/ai/spring-ai-openai-spring-boot-starter/0.2.0-SNAPSHOT/spring-ai-openai-spring-boot-starter-0.2.0-SNAPSHOT.jar:/Users/adwaituprety/.m2/repository/org/springframework/boot/spring-boot-starter/3.3.3/spring-boot-starter-3.3.3.jar:/Users/adwaituprety/.m2/repository/org/springframework/boot/spring-boot-starter-logging/3.3.3/spring-boot-starter-logging-3.3.3.jar:/Users/adwaituprety/.m2/repository/ch/qos/logback/logback-classic/1.5.7/logback-classic-1.5.7.jar:/Users/adwaituprety/.m2/repository/ch/qos/logback/logback-core/1.5.7/logback-core-1.5.7.jar:/Users/adwaituprety/.m2/repository/org/apache/logging/log4j/log4j-to-slf4j/2.23.1/log4j-to-slf4j-2.23.1.jar:/Users/adwaituprety/.m2/repository/org/apache/logging/log4j/log4j-api/2.23.1/log4j-api-2.23.1.jar:/Users/adwaituprety/.m2/repository/org/slf4j/jul-to-slf4j/2.0.16/jul-to-slf4j-2.0.16.jar:/Users/adwaituprety/.m2/repository/jakarta/annotation/jakarta.annotation-api/2.1.1/jakarta.annotation-api-2.1.1.jar:/Users/adwaituprety/.m2/repository/org/yaml/snakeyaml/2.2/snakeyaml-2.2.jar:/Users/adwaituprety/.m2/repository/org/springframework/experimental/ai/spring-ai-spring-boot-autoconfigure/0.2.0-SNAPSHOT/spring-ai-spring-boot-autoconfigure-0.2.0-SNAPSHOT.jar:/Users/adwaituprety/.m2/repository/com/squareup/retrofit2/converter-jackson/2.9.0/converter-jackson-2.9.0.jar:/Users/adwaituprety/.m2/repository/com/squareup/retrofit2/retrofit/2.9.0/retrofit-2.9.0.jar:/Users/adwaituprety/.m2/repository/com/squareup/okhttp3/okhttp/4.12.0/okhttp-4.12.0.jar:/Users/adwaituprety/.m2/repository/com/squareup/okio/okio/3.6.0/okio-3.6.0.jar:/Users/adwaituprety/.m2/repository/com/squareup/okio/okio-jvm/3.6.0/okio-jvm-3.6.0.jar:/Users/adwaituprety/.m2/repository/org/jetbrains/kotlin/kotlin-stdlib-common/1.9.25/kotlin-stdlib-common-1.9.25.jar:/Users/adwaituprety/.m2/repository/org/jetbrains/kotlin/kotlin-stdlib-jdk8/1.9.25/kotlin-stdlib-jdk8-1.9.25.jar:/Users/adwaituprety/.m2/repository/org/jetbrains/kotlin/kotlin-stdlib/1.9.25/kotlin-stdlib-1.9.25.jar:/Users/adwaituprety/.m2/repository/org/jetbrains/annotations/13.0/annotations-13.0.jar:/Users/adwaituprety/.m2/repository/org/jetbrains/kotlin/kotlin-stdlib-jdk7/1.9.25/kotlin-stdlib-jdk7-1.9.25.jar:/Users/adwaituprety/.m2/repository/org/springframework/experimental/ai/spring-ai-openai/0.2.0-SNAPSHOT/spring-ai-openai-0.2.0-SNAPSHOT.jar:/Users/adwaituprety/.m2/repository/org/springframework/experimental/ai/spring-ai-core/0.2.0-SNAPSHOT/spring-ai-core-0.2.0-SNAPSHOT.jar:/Users/adwaituprety/.m2/repository/org/antlr/stringtemplate/4.0.2/stringtemplate-4.0.2.jar:/Users/adwaituprety/.m2/repository/org/antlr/antlr-runtime/3.3/antlr-runtime-3.3.jar:/Users/adwaituprety/.m2/repository/org/springframework/spring-messaging/6.1.12/spring-messaging-6.1.12.jar:/Users/adwaituprety/.m2/repository/com/knuddels/jtokkit/0.6.1/jtokkit-0.6.1.jar:/Users/adwaituprety/.m2/repository/com/theokanning/openai-gpt3-java/service/0.12.0/service-0.12.0.jar:/Users/adwaituprety/.m2/repository/com/theokanning/openai-gpt3-java/client/0.12.0/client-0.12.0.jar:/Users/adwaituprety/.m2/repository/com/theokanning/openai-gpt3-java/api/0.12.0/api-0.12.0.jar:/Users/adwaituprety/.m2/repository/com/squareup/retrofit2/adapter-rxjava2/2.9.0/adapter-rxjava2-2.9.0.jar:/Users/adwaituprety/.m2/repository/io/reactivex/rxjava2/rxjava/2.0.0/rxjava-2.0.0.jar:/Users/adwaituprety/.m2/repository/com/github/victools/jsonschema-generator/4.31.1/jsonschema-generator-4.31.1.jar:/Users/adwaituprety/.m2/repository/com/fasterxml/classmate/1.7.0/classmate-1.7.0.jar:/Users/adwaituprety/.m2/repository/com/github/victools/jsonschema-module-jackson/4.31.1/jsonschema-module-jackson-4.31.1.jar:/Users/adwaituprety/.m2/repository/org/springframework/boot/spring-boot-devtools/3.3.3/spring-boot-devtools-3.3.3.jar:/Users/adwaituprety/.m2/repository/org/springframework/boot/spring-boot/3.3.3/spring-boot-3.3.3.jar:/Users/adwaituprety/.m2/repository/org/springframework/spring-context/6.1.12/spring-context-6.1.12.jar:/Users/adwaituprety/.m2/repository/org/springframework/boot/spring-boot-autoconfigure/3.3.3/spring-boot-autoconfigure-3.3.3.jar:/Users/adwaituprety/.m2/repository/org/jsoup/jsoup/1.15.3/jsoup-1.15.3.jar:/Users/adwaituprety/.m2/repository/com/fasterxml/jackson/core/jackson-databind/2.17.2/jackson-databind-2.17.2.jar:/Users/adwaituprety/.m2/repository/com/fasterxml/jackson/core/jackson-annotations/2.17.2/jackson-annotations-2.17.2.jar:/Users/adwaituprety/.m2/repository/com/fasterxml/jackson/core/jackson-core/2.17.2/jackson-core-2.17.2.jar:/Users/adwaituprety/.m2/repository/org/springframework/boot/spring-boot-starter-mail/3.3.3/spring-boot-starter-mail-3.3.3.jar:/Users/adwaituprety/.m2/repository/org/springframework/spring-context-support/6.1.12/spring-context-support-6.1.12.jar:/Users/adwaituprety/.m2/repository/org/springframework/spring-beans/6.1.12/spring-beans-6.1.12.jar:/Users/adwaituprety/.m2/repository/org/eclipse/angus/jakarta.mail/2.0.3/jakarta.mail-2.0.3.jar:/Users/adwaituprety/.m2/repository/jakarta/activation/jakarta.activation-api/2.1.3/jakarta.activation-api-2.1.3.jar:/Users/adwaituprety/.m2/repository/org/eclipse/angus/angus-activation/2.0.2/angus-activation-2.0.2.jar:/Users/adwaituprety/.m2/repository/org/springframework/boot/spring-boot-starter-webflux/3.3.3/spring-boot-starter-webflux-3.3.3.jar:/Users/adwaituprety/.m2/repository/org/springframework/boot/spring-boot-starter-json/3.3.3/spring-boot-starter-json-3.3.3.jar:/Users/adwaituprety/.m2/repository/com/fasterxml/jackson/datatype/jackson-datatype-jdk8/2.17.2/jackson-datatype-jdk8-2.17.2.jar:/Users/adwaituprety/.m2/repository/com/fasterxml/jackson/datatype/jackson-datatype-jsr310/2.17.2/jackson-datatype-jsr310-2.17.2.jar:/Users/adwaituprety/.m2/repository/com/fasterxml/jackson/module/jackson-module-parameter-names/2.17.2/jackson-module-parameter-names-2.17.2.jar:/Users/adwaituprety/.m2/repository/org/springframework/boot/spring-boot-starter-reactor-netty/3.3.3/spring-boot-starter-reactor-netty-3.3.3.jar:/Users/adwaituprety/.m2/repository/io/projectreactor/netty/reactor-netty-http/1.1.22/reactor-netty-http-1.1.22.jar:/Users/adwaituprety/.m2/repository/io/netty/netty-codec-http/4.1.112.Final/netty-codec-http-4.1.112.Final.jar:/Users/adwaituprety/.m2/repository/io/netty/netty-common/4.1.112.Final/netty-common-4.1.112.Final.jar:/Users/adwaituprety/.m2/repository/io/netty/netty-buffer/4.1.112.Final/netty-buffer-4.1.112.Final.jar:/Users/adwaituprety/.m2/repository/io/netty/netty-transport/4.1.112.Final/netty-transport-4.1.112.Final.jar:/Users/adwaituprety/.m2/repository/io/netty/netty-codec/4.1.112.Final/netty-codec-4.1.112.Final.jar:/Users/adwaituprety/.m2/repository/io/netty/netty-handler/4.1.112.Final/netty-handler-4.1.112.Final.jar:/Users/adwaituprety/.m2/repository/io/netty/netty-codec-http2/4.1.112.Final/netty-codec-http2-4.1.112.Final.jar:/Users/adwaituprety/.m2/repository/io/netty/netty-resolver-dns/4.1.112.Final/netty-resolver-dns-4.1.112.Final.jar:/Users/adwaituprety/.m2/repository/io/netty/netty-resolver/4.1.112.Final/netty-resolver-4.1.112.Final.jar:/Users/adwaituprety/.m2/repository/io/netty/netty-codec-dns/4.1.112.Final/netty-codec-dns-4.1.112.Final.jar:/Users/adwaituprety/.m2/repository/io/netty/netty-resolver-dns-native-macos/4.1.112.Final/netty-resolver-dns-native-macos-4.1.112.Final-osx-x86_64.jar:/Users/adwaituprety/.m2/repository/io/netty/netty-resolver-dns-classes-macos/4.1.112.Final/netty-resolver-dns-classes-macos-4.1.112.Final.jar:/Users/adwaituprety/.m2/repository/io/netty/netty-transport-native-epoll/4.1.112.Final/netty-transport-native-epoll-4.1.112.Final-linux-x86_64.jar:/Users/adwaituprety/.m2/repository/io/netty/netty-transport-native-unix-common/4.1.112.Final/netty-transport-native-unix-common-4.1.112.Final.jar:/Users/adwaituprety/.m2/repository/io/netty/netty-transport-classes-epoll/4.1.112.Final/netty-transport-classes-epoll-4.1.112.Final.jar:/Users/adwaituprety/.m2/repository/io/projectreactor/netty/reactor-netty-core/1.1.22/reactor-netty-core-1.1.22.jar:/Users/adwaituprety/.m2/repository/io/netty/netty-handler-proxy/4.1.112.Final/netty-handler-proxy-4.1.112.Final.jar:/Users/adwaituprety/.m2/repository/io/netty/netty-codec-socks/4.1.112.Final/netty-codec-socks-4.1.112.Final.jar:/Users/adwaituprety/.m2/repository/org/springframework/spring-web/6.1.12/spring-web-6.1.12.jar:/Users/adwaituprety/.m2/repository/io/micrometer/micrometer-observation/1.13.3/micrometer-observation-1.13.3.jar:/Users/adwaituprety/.m2/repository/io/micrometer/micrometer-commons/1.13.3/micrometer-commons-1.13.3.jar:/Users/adwaituprety/.m2/repository/org/springframework/spring-webflux/6.1.12/spring-webflux-6.1.12.jar:/Users/adwaituprety/.m2/repository/io/projectreactor/reactor-core/3.6.9/reactor-core-3.6.9.jar:/Users/adwaituprety/.m2/repository/org/reactivestreams/reactive-streams/1.0.4/reactive-streams-1.0.4.jar:/Users/adwaituprety/.m2/repository/org/springframework/boot/spring-boot-starter-web/3.3.3/spring-boot-starter-web-3.3.3.jar:/Users/adwaituprety/.m2/repository/org/springframework/boot/spring-boot-starter-tomcat/3.3.3/spring-boot-starter-tomcat-3.3.3.jar:/Users/adwaituprety/.m2/repository/org/apache/tomcat/embed/tomcat-embed-core/10.1.28/tomcat-embed-core-10.1.28.jar:/Users/adwaituprety/.m2/repository/org/apache/tomcat/embed/tomcat-embed-el/10.1.28/tomcat-embed-el-10.1.28.jar:/Users/adwaituprety/.m2/repository/org/apache/tomcat/embed/tomcat-embed-websocket/10.1.28/tomcat-embed-websocket-10.1.28.jar:/Users/adwaituprety/.m2/repository/org/springframework/spring-webmvc/6.1.12/spring-webmvc-6.1.12.jar:/Users/adwaituprety/.m2/repository/org/springframework/spring-aop/6.1.12/spring-aop-6.1.12.jar:/Users/adwaituprety/.m2/repository/org/springframework/spring-expression/6.1.12/spring-expression-6.1.12.jar:/Users/adwaituprety/.m2/repository/org/springframework/boot/spring-boot-starter-test/3.3.3/spring-boot-starter-test-3.3.3.jar:/Users/adwaituprety/.m2/repository/org/springframework/boot/spring-boot-test/3.3.3/spring-boot-test-3.3.3.jar:/Users/adwaituprety/.m2/repository/org/springframework/boot/spring-boot-test-autoconfigure/3.3.3/spring-boot-test-autoconfigure-3.3.3.jar:/Users/adwaituprety/.m2/repository/com/jayway/jsonpath/json-path/2.9.0/json-path-2.9.0.jar:/Users/adwaituprety/.m2/repository/org/slf4j/slf4j-api/2.0.16/slf4j-api-2.0.16.jar:/Users/adwaituprety/.m2/repository/jakarta/xml/bind/jakarta.xml.bind-api/4.0.2/jakarta.xml.bind-api-4.0.2.jar:/Users/adwaituprety/.m2/repository/net/minidev/json-smart/2.5.1/json-smart-2.5.1.jar:/Users/adwaituprety/.m2/repository/net/minidev/accessors-smart/2.5.1/accessors-smart-2.5.1.jar:/Users/adwaituprety/.m2/repository/org/ow2/asm/asm/9.6/asm-9.6.jar:/Users/adwaituprety/.m2/repository/org/assertj/assertj-core/3.25.3/assertj-core-3.25.3.jar:/Users/adwaituprety/.m2/repository/net/bytebuddy/byte-buddy/1.14.19/byte-buddy-1.14.19.jar:/Users/adwaituprety/.m2/repository/org/awaitility/awaitility/4.2.2/awaitility-4.2.2.jar:/Users/adwaituprety/.m2/repository/org/hamcrest/hamcrest/2.2/hamcrest-2.2.jar:/Users/adwaituprety/.m2/repository/org/junit/jupiter/junit-jupiter/5.10.3/junit-jupiter-5.10.3.jar:/Users/adwaituprety/.m2/repository/org/junit/jupiter/junit-jupiter-api/5.10.3/junit-jupiter-api-5.10.3.jar:/Users/adwaituprety/.m2/repository/org/opentest4j/opentest4j/1.3.0/opentest4j-1.3.0.jar:/Users/adwaituprety/.m2/repository/org/junit/platform/junit-platform-commons/1.10.3/junit-platform-commons-1.10.3.jar:/Users/adwaituprety/.m2/repository/org/apiguardian/apiguardian-api/1.1.2/apiguardian-api-1.1.2.jar:/Users/adwaituprety/.m2/repository/org/junit/jupiter/junit-jupiter-params/5.10.3/junit-jupiter-params-5.10.3.jar:/Users/adwaituprety/.m2/repository/org/junit/jupiter/junit-jupiter-engine/5.10.3/junit-jupiter-engine-5.10.3.jar:/Users/adwaituprety/.m2/repository/org/junit/platform/junit-platform-engine/1.10.3/junit-platform-engine-1.10.3.jar:/Users/adwaituprety/.m2/repository/org/mockito/mockito-core/5.11.0/mockito-core-5.11.0.jar:/Users/adwaituprety/.m2/repository/net/bytebuddy/byte-buddy-agent/1.14.19/byte-buddy-agent-1.14.19.jar:/Users/adwaituprety/.m2/repository/org/objenesis/objenesis/3.3/objenesis-3.3.jar:/Users/adwaituprety/.m2/repository/org/mockito/mockito-junit-jupiter/5.11.0/mockito-junit-jupiter-5.11.0.jar:/Users/adwaituprety/.m2/repository/org/skyscreamer/jsonassert/1.5.3/jsonassert-1.5.3.jar:/Users/adwaituprety/.m2/repository/com/vaadin/external/google/android-json/0.0.20131108.vaadin1/android-json-0.0.20131108.vaadin1.jar:/Users/adwaituprety/.m2/repository/org/springframework/spring-core/6.1.12/spring-core-6.1.12.jar:/Users/adwaituprety/.m2/repository/org/springframework/spring-jcl/6.1.12/spring-jcl-6.1.12.jar:/Users/adwaituprety/.m2/repository/org/springframework/spring-test/6.1.12/spring-test-6.1.12.jar:/Users/adwaituprety/.m2/repository/org/xmlunit/xmlunit-core/2.9.1/xmlunit-core-2.9.1.jar:"/>
    <property name="java.vm.vendor" value="Oracle Corporation"/>
    <property name="sun.arch.data.model" value="64"/>
    <property name="java.vendor.url" value="https://java.oracle.com/"/>
    <property name="user.timezone" value="America/Chicago"/>
    <property name="os.name" value="Mac OS X"/>
    <property name="java.vm.specification.version" value="17"/>
    <property name="sun.java.launcher" value="SUN_STANDARD"/>
    <property name="user.country" value="US"/>
    <property name="sun.boot.library.path" value="/Library/Java/JavaVirtualMachines/jdk-17.jdk/Contents/Home/lib"/>
    <property name="sun.java.command" value="/Users/adwaituprety/Documents/calculated-bliss/websc/target/surefire/surefirebooter-20240918125514709_3.jar /Users/adwaituprety/Documents/calculated-bliss/websc/target/surefire 2024-09-18T12-55-14_662-jvmRun1 surefire-20240918125514709_1tmp surefire_0-20240918125514709_2tmp"/>
    <property name="http.nonProxyHosts" value="local|*.local|169.254/16|*.169.254/16"/>
    <property name="jdk.debug" value="release"/>
    <property name="surefire.test.class.path" value="/Users/adwaituprety/Documents/calculated-bliss/websc/target/test-classes:/Users/adwaituprety/Documents/calculated-bliss/websc/target/classes:/Users/adwaituprety/.m2/repository/org/springframework/experimental/ai/spring-ai-openai-spring-boot-starter/0.2.0-SNAPSHOT/spring-ai-openai-spring-boot-starter-0.2.0-SNAPSHOT.jar:/Users/adwaituprety/.m2/repository/org/springframework/boot/spring-boot-starter/3.3.3/spring-boot-starter-3.3.3.jar:/Users/adwaituprety/.m2/repository/org/springframework/boot/spring-boot-starter-logging/3.3.3/spring-boot-starter-logging-3.3.3.jar:/Users/adwaituprety/.m2/repository/ch/qos/logback/logback-classic/1.5.7/logback-classic-1.5.7.jar:/Users/adwaituprety/.m2/repository/ch/qos/logback/logback-core/1.5.7/logback-core-1.5.7.jar:/Users/adwaituprety/.m2/repository/org/apache/logging/log4j/log4j-to-slf4j/2.23.1/log4j-to-slf4j-2.23.1.jar:/Users/adwaituprety/.m2/repository/org/apache/logging/log4j/log4j-api/2.23.1/log4j-api-2.23.1.jar:/Users/adwaituprety/.m2/repository/org/slf4j/jul-to-slf4j/2.0.16/jul-to-slf4j-2.0.16.jar:/Users/adwaituprety/.m2/repository/jakarta/annotation/jakarta.annotation-api/2.1.1/jakarta.annotation-api-2.1.1.jar:/Users/adwaituprety/.m2/repository/org/yaml/snakeyaml/2.2/snakeyaml-2.2.jar:/Users/adwaituprety/.m2/repository/org/springframework/experimental/ai/spring-ai-spring-boot-autoconfigure/0.2.0-SNAPSHOT/spring-ai-spring-boot-autoconfigure-0.2.0-SNAPSHOT.jar:/Users/adwaituprety/.m2/repository/com/squareup/retrofit2/converter-jackson/2.9.0/converter-jackson-2.9.0.jar:/Users/adwaituprety/.m2/repository/com/squareup/retrofit2/retrofit/2.9.0/retrofit-2.9.0.jar:/Users/adwaituprety/.m2/repository/com/squareup/okhttp3/okhttp/4.12.0/okhttp-4.12.0.jar:/Users/adwaituprety/.m2/repository/com/squareup/okio/okio/3.6.0/okio-3.6.0.jar:/Users/adwaituprety/.m2/repository/com/squareup/okio/okio-jvm/3.6.0/okio-jvm-3.6.0.jar:/Users/adwaituprety/.m2/repository/org/jetbrains/kotlin/kotlin-stdlib-common/1.9.25/kotlin-stdlib-common-1.9.25.jar:/Users/adwaituprety/.m2/repository/org/jetbrains/kotlin/kotlin-stdlib-jdk8/1.9.25/kotlin-stdlib-jdk8-1.9.25.jar:/Users/adwaituprety/.m2/repository/org/jetbrains/kotlin/kotlin-stdlib/1.9.25/kotlin-stdlib-1.9.25.jar:/Users/adwaituprety/.m2/repository/org/jetbrains/annotations/13.0/annotations-13.0.jar:/Users/adwaituprety/.m2/repository/org/jetbrains/kotlin/kotlin-stdlib-jdk7/1.9.25/kotlin-stdlib-jdk7-1.9.25.jar:/Users/adwaituprety/.m2/repository/org/springframework/experimental/ai/spring-ai-openai/0.2.0-SNAPSHOT/spring-ai-openai-0.2.0-SNAPSHOT.jar:/Users/adwaituprety/.m2/repository/org/springframework/experimental/ai/spring-ai-core/0.2.0-SNAPSHOT/spring-ai-core-0.2.0-SNAPSHOT.jar:/Users/adwaituprety/.m2/repository/org/antlr/stringtemplate/4.0.2/stringtemplate-4.0.2.jar:/Users/adwaituprety/.m2/repository/org/antlr/antlr-runtime/3.3/antlr-runtime-3.3.jar:/Users/adwaituprety/.m2/repository/org/springframework/spring-messaging/6.1.12/spring-messaging-6.1.12.jar:/Users/adwaituprety/.m2/repository/com/knuddels/jtokkit/0.6.1/jtokkit-0.6.1.jar:/Users/adwaituprety/.m2/repository/com/theokanning/openai-gpt3-java/service/0.12.0/service-0.12.0.jar:/Users/adwaituprety/.m2/repository/com/theokanning/openai-gpt3-java/client/0.12.0/client-0.12.0.jar:/Users/adwaituprety/.m2/repository/com/theokanning/openai-gpt3-java/api/0.12.0/api-0.12.0.jar:/Users/adwaituprety/.m2/repository/com/squareup/retrofit2/adapter-rxjava2/2.9.0/adapter-rxjava2-2.9.0.jar:/Users/adwaituprety/.m2/repository/io/reactivex/rxjava2/rxjava/2.0.0/rxjava-2.0.0.jar:/Users/adwaituprety/.m2/repository/com/github/victools/jsonschema-generator/4.31.1/jsonschema-generator-4.31.1.jar:/Users/adwaituprety/.m2/repository/com/fasterxml/classmate/1.7.0/classmate-1.7.0.jar:/Users/adwaituprety/.m2/repository/com/github/victools/jsonschema-module-jackson/4.31.1/jsonschema-module-jackson-4.31.1.jar:/Users/adwaituprety/.m2/repository/org/springframework/boot/spring-boot-devtools/3.3.3/spring-boot-devtools-3.3.3.jar:/Users/adwaituprety/.m2/repository/org/springframework/boot/spring-boot/3.3.3/spring-boot-3.3.3.jar:/Users/adwaituprety/.m2/repository/org/springframework/spring-context/6.1.12/spring-context-6.1.12.jar:/Users/adwaituprety/.m2/repository/org/springframework/boot/spring-boot-autoconfigure/3.3.3/spring-boot-autoconfigure-3.3.3.jar:/Users/adwaituprety/.m2/repository/org/jsoup/jsoup/1.15.3/jsoup-1.15.3.jar:/Users/adwaituprety/.m2/repository/com/fasterxml/jackson/core/jackson-databind/2.17.2/jackson-databind-2.17.2.jar:/Users/adwaituprety/.m2/repository/com/fasterxml/jackson/core/jackson-annotations/2.17.2/jackson-annotations-2.17.2.jar:/Users/adwaituprety/.m2/repository/com/fasterxml/jackson/core/jackson-core/2.17.2/jackson-core-2.17.2.jar:/Users/adwaituprety/.m2/repository/org/springframework/boot/spring-boot-starter-mail/3.3.3/spring-boot-starter-mail-3.3.3.jar:/Users/adwaituprety/.m2/repository/org/springframework/spring-context-support/6.1.12/spring-context-support-6.1.12.jar:/Users/adwaituprety/.m2/repository/org/springframework/spring-beans/6.1.12/spring-beans-6.1.12.jar:/Users/adwaituprety/.m2/repository/org/eclipse/angus/jakarta.mail/2.0.3/jakarta.mail-2.0.3.jar:/Users/adwaituprety/.m2/repository/jakarta/activation/jakarta.activation-api/2.1.3/jakarta.activation-api-2.1.3.jar:/Users/adwaituprety/.m2/repository/org/eclipse/angus/angus-activation/2.0.2/angus-activation-2.0.2.jar:/Users/adwaituprety/.m2/repository/org/springframework/boot/spring-boot-starter-webflux/3.3.3/spring-boot-starter-webflux-3.3.3.jar:/Users/adwaituprety/.m2/repository/org/springframework/boot/spring-boot-starter-json/3.3.3/spring-boot-starter-json-3.3.3.jar:/Users/adwaituprety/.m2/repository/com/fasterxml/jackson/datatype/jackson-datatype-jdk8/2.17.2/jackson-datatype-jdk8-2.17.2.jar:/Users/adwaituprety/.m2/repository/com/fasterxml/jackson/datatype/jackson-datatype-jsr310/2.17.2/jackson-datatype-jsr310-2.17.2.jar:/Users/adwaituprety/.m2/repository/com/fasterxml/jackson/module/jackson-module-parameter-names/2.17.2/jackson-module-parameter-names-2.17.2.jar:/Users/adwaituprety/.m2/repository/org/springframework/boot/spring-boot-starter-reactor-netty/3.3.3/spring-boot-starter-reactor-netty-3.3.3.jar:/Users/adwaituprety/.m2/repository/io/projectreactor/netty/reactor-netty-http/1.1.22/reactor-netty-http-1.1.22.jar:/Users/adwaituprety/.m2/repository/io/netty/netty-codec-http/4.1.112.Final/netty-codec-http-4.1.112.Final.jar:/Users/adwaituprety/.m2/repository/io/netty/netty-common/4.1.112.Final/netty-common-4.1.112.Final.jar:/Users/adwaituprety/.m2/repository/io/netty/netty-buffer/4.1.112.Final/netty-buffer-4.1.112.Final.jar:/Users/adwaituprety/.m2/repository/io/netty/netty-transport/4.1.112.Final/netty-transport-4.1.112.Final.jar:/Users/adwaituprety/.m2/repository/io/netty/netty-codec/4.1.112.Final/netty-codec-4.1.112.Final.jar:/Users/adwaituprety/.m2/repository/io/netty/netty-handler/4.1.112.Final/netty-handler-4.1.112.Final.jar:/Users/adwaituprety/.m2/repository/io/netty/netty-codec-http2/4.1.112.Final/netty-codec-http2-4.1.112.Final.jar:/Users/adwaituprety/.m2/repository/io/netty/netty-resolver-dns/4.1.112.Final/netty-resolver-dns-4.1.112.Final.jar:/Users/adwaituprety/.m2/repository/io/netty/netty-resolver/4.1.112.Final/netty-resolver-4.1.112.Final.jar:/Users/adwaituprety/.m2/repository/io/netty/netty-codec-dns/4.1.112.Final/netty-codec-dns-4.1.112.Final.jar:/Users/adwaituprety/.m2/repository/io/netty/netty-resolver-dns-native-macos/4.1.112.Final/netty-resolver-dns-native-macos-4.1.112.Final-osx-x86_64.jar:/Users/adwaituprety/.m2/repository/io/netty/netty-resolver-dns-classes-macos/4.1.112.Final/netty-resolver-dns-classes-macos-4.1.112.Final.jar:/Users/adwaituprety/.m2/repository/io/netty/netty-transport-native-epoll/4.1.112.Final/netty-transport-native-epoll-4.1.112.Final-linux-x86_64.jar:/Users/adwaituprety/.m2/repository/io/netty/netty-transport-native-unix-common/4.1.112.Final/netty-transport-native-unix-common-4.1.112.Final.jar:/Users/adwaituprety/.m2/repository/io/netty/netty-transport-classes-epoll/4.1.112.Final/netty-transport-classes-epoll-4.1.112.Final.jar:/Users/adwaituprety/.m2/repository/io/projectreactor/netty/reactor-netty-core/1.1.22/reactor-netty-core-1.1.22.jar:/Users/adwaituprety/.m2/repository/io/netty/netty-handler-proxy/4.1.112.Final/netty-handler-proxy-4.1.112.Final.jar:/Users/adwaituprety/.m2/repository/io/netty/netty-codec-socks/4.1.112.Final/netty-codec-socks-4.1.112.Final.jar:/Users/adwaituprety/.m2/repository/org/springframework/spring-web/6.1.12/spring-web-6.1.12.jar:/Users/adwaituprety/.m2/repository/io/micrometer/micrometer-observation/1.13.3/micrometer-observation-1.13.3.jar:/Users/adwaituprety/.m2/repository/io/micrometer/micrometer-commons/1.13.3/micrometer-commons-1.13.3.jar:/Users/adwaituprety/.m2/repository/org/springframework/spring-webflux/6.1.12/spring-webflux-6.1.12.jar:/Users/adwaituprety/.m2/repository/io/projectreactor/reactor-core/3.6.9/reactor-core-3.6.9.jar:/Users/adwaituprety/.m2/repository/org/reactivestreams/reactive-streams/1.0.4/reactive-streams-1.0.4.jar:/Users/adwaituprety/.m2/repository/org/springframework/boot/spring-boot-starter-web/3.3.3/spring-boot-starter-web-3.3.3.jar:/Users/adwaituprety/.m2/repository/org/springframework/boot/spring-boot-starter-tomcat/3.3.3/spring-boot-starter-tomcat-3.3.3.jar:/Users/adwaituprety/.m2/repository/org/apache/tomcat/embed/tomcat-embed-core/10.1.28/tomcat-embed-core-10.1.28.jar:/Users/adwaituprety/.m2/repository/org/apache/tomcat/embed/tomcat-embed-el/10.1.28/tomcat-embed-el-10.1.28.jar:/Users/adwaituprety/.m2/repository/org/apache/tomcat/embed/tomcat-embed-websocket/10.1.28/tomcat-embed-websocket-10.1.28.jar:/Users/adwaituprety/.m2/repository/org/springframework/spring-webmvc/6.1.12/spring-webmvc-6.1.12.jar:/Users/adwaituprety/.m2/repository/org/springframework/spring-aop/6.1.12/spring-aop-6.1.12.jar:/Users/adwaituprety/.m2/repository/org/springframework/spring-expression/6.1.12/spring-expression-6.1.12.jar:/Users/adwaituprety/.m2/repository/org/springframework/boot/spring-boot-starter-test/3.3.3/spring-boot-starter-test-3.3.3.jar:/Users/adwaituprety/.m2/repository/org/springframework/boot/spring-boot-test/3.3.3/spring-boot-test-3.3.3.jar:/Users/adwaituprety/.m2/repository/org/springframework/boot/spring-boot-test-autoconfigure/3.3.3/spring-boot-test-autoconfigure-3.3.3.jar:/Users/adwaituprety/.m2/repository/com/jayway/jsonpath/json-path/2.9.0/json-path-2.9.0.jar:/Users/adwaituprety/.m2/repository/org/slf4j/slf4j-api/2.0.16/slf4j-api-2.0.16.jar:/Users/adwaituprety/.m2/repository/jakarta/xml/bind/jakarta.xml.bind-api/4.0.2/jakarta.xml.bind-api-4.0.2.jar:/Users/adwaituprety/.m2/repository/net/minidev/json-smart/2.5.1/json-smart-2.5.1.jar:/Users/adwaituprety/.m2/repository/net/minidev/accessors-smart/2.5.1/accessors-smart-2.5.1.jar:/Users/adwaituprety/.m2/repository/org/ow2/asm/asm/9.6/asm-9.6.jar:/Users/adwaituprety/.m2/repository/org/assertj/assertj-core/3.25.3/assertj-core-3.25.3.jar:/Users/adwaituprety/.m2/repository/net/bytebuddy/byte-buddy/1.14.19/byte-buddy-1.14.19.jar:/Users/adwaituprety/.m2/repository/org/awaitility/awaitility/4.2.2/awaitility-4.2.2.jar:/Users/adwaituprety/.m2/repository/org/hamcrest/hamcrest/2.2/hamcrest-2.2.jar:/Users/adwaituprety/.m2/repository/org/junit/jupiter/junit-jupiter/5.10.3/junit-jupiter-5.10.3.jar:/Users/adwaituprety/.m2/repository/org/junit/jupiter/junit-jupiter-api/5.10.3/junit-jupiter-api-5.10.3.jar:/Users/adwaituprety/.m2/repository/org/opentest4j/opentest4j/1.3.0/opentest4j-1.3.0.jar:/Users/adwaituprety/.m2/repository/org/junit/platform/junit-platform-commons/1.10.3/junit-platform-commons-1.10.3.jar:/Users/adwaituprety/.m2/repository/org/apiguardian/apiguardian-api/1.1.2/apiguardian-api-1.1.2.jar:/Users/adwaituprety/.m2/repository/org/junit/jupiter/junit-jupiter-params/5.10.3/junit-jupiter-params-5.10.3.jar:/Users/adwaituprety/.m2/repository/org/junit/jupiter/junit-jupiter-engine/5.10.3/junit-jupiter-engine-5.10.3.jar:/Users/adwaituprety/.m2/repository/org/junit/platform/junit-platform-engine/1.10.3/junit-platform-engine-1.10.3.jar:/Users/adwaituprety/.m2/repository/org/mockito/mockito-core/5.11.0/mockito-core-5.11.0.jar:/Users/adwaituprety/.m2/repository/net/bytebuddy/byte-buddy-agent/1.14.19/byte-buddy-agent-1.14.19.jar:/Users/adwaituprety/.m2/repository/org/objenesis/objenesis/3.3/objenesis-3.3.jar:/Users/adwaituprety/.m2/repository/org/mockito/mockito-junit-jupiter/5.11.0/mockito-junit-jupiter-5.11.0.jar:/Users/adwaituprety/.m2/repository/org/skyscreamer/jsonassert/1.5.3/jsonassert-1.5.3.jar:/Users/adwaituprety/.m2/repository/com/vaadin/external/google/android-json/0.0.20131108.vaadin1/android-json-0.0.20131108.vaadin1.jar:/Users/adwaituprety/.m2/repository/org/springframework/spring-core/6.1.12/spring-core-6.1.12.jar:/Users/adwaituprety/.m2/repository/org/springframework/spring-jcl/6.1.12/spring-jcl-6.1.12.jar:/Users/adwaituprety/.m2/repository/org/springframework/spring-test/6.1.12/spring-test-6.1.12.jar:/Users/adwaituprety/.m2/repository/org/xmlunit/xmlunit-core/2.9.1/xmlunit-core-2.9.1.jar:"/>
    <property name="sun.cpu.endian" value="little"/>
    <property name="user.home" value="/Users/adwaituprety"/>
    <property name="user.language" value="en"/>
    <property name="java.specification.vendor" value="Oracle Corporation"/>
    <property name="java.version.date" value="2023-10-17"/>
    <property name="java.home" value="/Library/Java/JavaVirtualMachines/jdk-17.jdk/Contents/Home"/>
    <property name="file.separator" value="/"/>
    <property name="basedir" value="/Users/adwaituprety/Documents/calculated-bliss/websc"/>
    <property name="java.vm.compressedOopsMode" value="Zero based"/>
    <property name="line.separator" value="&#10;"/>
    <property name="java.vm.specification.vendor" value="Oracle Corporation"/>
    <property name="java.specification.name" value="Java Platform API Specification"/>
    <property name="FILE_LOG_CHARSET" value="UTF-8"/>
    <property name="java.awt.headless" value="true"/>
    <property name="surefire.real.class.path" value="/Users/adwaituprety/Documents/calculated-bliss/websc/target/surefire/surefirebooter-20240918125514709_3.jar"/>
    <property name="sun.management.compiler" value="HotSpot 64-Bit Tiered Compilers"/>
    <property name="ftp.nonProxyHosts" value="local|*.local|169.254/16|*.169.254/16"/>
    <property name="java.runtime.version" value="17.0.9+11-LTS-201"/>
    <property name="user.name" value="adwaituprety"/>
    <property name="path.separator" value=":"/>
    <property name="os.version" value="14.0"/>
    <property name="java.runtime.name" value="Java(TM) SE Runtime Environment"/>
    <property name="file.encoding" value="UTF-8"/>
    <property name="java.vm.name" value="Java HotSpot(TM) 64-Bit Server VM"/>
    <property name="localRepository" value="/Users/adwaituprety/.m2/repository"/>
    <property name="java.vendor.url.bug" value="https://bugreport.java.com/bugreport/"/>
    <property name="java.io.tmpdir" value="/var/folders/q3/_wzy7hn56033rjtzfvgqtntm0000gn/T/"/>
    <property name="java.version" value="17.0.9"/>
    <property name="user.dir" value="/Users/adwaituprety/Documents/calculated-bliss/websc"/>
    <property name="os.arch" value="aarch64"/>
    <property name="java.vm.specification.name" value="Java Virtual Machine Specification"/>
    <property name="PID" value="11611"/>
    <property name="CONSOLE_LOG_CHARSET" value="UTF-8"/>
    <property name="native.encoding" value="UTF-8"/>
    <property name="java.library.path" value="/Users/adwaituprety/Library/Java/Extensions:/Library/Java/Extensions:/Network/Library/Java/Extensions:/System/Library/Java/Extensions:/usr/lib/java:."/>
    <property name="java.vm.info" value="mixed mode, sharing"/>
    <property name="java.vendor" value="Oracle Corporation"/>
    <property name="java.vm.version" value="17.0.9+11-LTS-201"/>
    <property name="sun.io.unicode.encoding" value="UnicodeBig"/>
    <property name="socksNonProxyHosts" value="local|*.local|169.254/16|*.169.254/16"/>
    <property name="java.class.version" value="61.0"/>
    <property name="LOGGED_APPLICATION_NAME" value="[websc] "/>
  </properties>
  <testcase name="contextLoads" classname="com.mandeer.websc.WebscApplicationTests" time="0.413">
    <system-out><![CDATA[12:55:15.029 [main] INFO org.springframework.test.context.support.AnnotationConfigContextLoaderUtils -- Could not detect default configuration classes for test class [com.mandeer.websc.WebscApplicationTests]: WebscApplicationTests does not declare any static, non-private, non-final, nested classes annotated with @Configuration.
12:55:15.079 [main] INFO org.springframework.boot.test.context.SpringBootTestContextBootstrapper -- Found @SpringBootConfiguration com.mandeer.websc.WebscApplication for test class com.mandeer.websc.WebscApplicationTests
12:55:15.144 [main] INFO org.springframework.boot.devtools.restart.RestartApplicationListener -- Restart disabled due to context in which it is running

  .   ____          _            __ _ _
 /\\ / ___'_ __ _ _(_)_ __  __ _ \ \ \ \
( ( )\___ | '_ | '_| | '_ \/ _` | \ \ \ \
 \\/  ___)| |_)| | | | | || (_| |  ) ) ) )
  '  |____| .__|_| |_|_| |_\__, | / / / /
 =========|_|==============|___/=/_/_/_/

 :: Spring Boot ::                (v3.3.3)

2024-09-18T12:55:15.249-05:00  INFO 11611 --- [websc] [           main] c.mandeer.websc.WebscApplicationTests    : Starting WebscApplicationTests using Java 17.0.9 with PID 11611 (started by adwaituprety in /Users/adwaituprety/Documents/calculated-bliss/websc)
2024-09-18T12:55:15.250-05:00  INFO 11611 --- [websc] [           main] c.mandeer.websc.WebscApplicationTests    : No active profile set, falling back to 1 default profile: "default"
2024-09-18T12:55:15.923-05:00  INFO 11611 --- [websc] [           main] c.mandeer.websc.WebscApplicationTests    : Started WebscApplicationTests in 0.784 seconds (process running for 1.178)
]]></system-out>
  </testcase>
</testsuite>